<?xml version="1.0" encoding="UTF-8"?>
<!-- Generated by org.testng.reporters.JUnitReportReporter -->
<testsuite skipped="0" hostname="DESKTOP-6IN6RRJ" name="lambdaRunner.CucumberRunner" tests="3" failures="0" timestamp="2022-07-24T17:22:10 IST" time="36.352" errors="0">
  <testcase name="runScenario" time="17.525" classname="lambdaRunner.CucumberRunner"/>
  <system-out/>
  <testcase name="runScenario" time="4.747" classname="lambdaRunner.CucumberRunner"/>
  <system-out/>
  <testcase name="runScenario" time="14.080" classname="lambdaRunner.CucumberRunner"/>
  <system-out/>
</testsuite> <!-- lambdaRunner.CucumberRunner -->
