<?xml version="1.0" encoding="UTF-8"?>
<!-- Generated by org.testng.reporters.JUnitReportReporter -->
<testsuite skipped="1" hostname="DESKTOP-6IN6RRJ" name="lambdaTest.Scenario3" tests="3" failures="0" timestamp="2022-07-24T21:48:06 IST" time="6.605" errors="0">
  <testcase name="testScenario3" time="0.000" classname="lambdaTest.Scenario3">
    <skipped/>
  </testcase> <!-- testScenario3 -->
  <system-out/>
  <testcase name="testScenario3" time="2.918" classname="lambdaTest.Scenario3"/>
  <system-out/>
  <testcase name="testScenario3" time="3.687" classname="lambdaTest.Scenario3"/>
  <system-out/>
</testsuite> <!-- lambdaTest.Scenario3 -->
